<?xml version="1.0" encoding="UTF-8"?>
<testng-results ignored="0" total="1" passed="1" failed="0" skipped="0">
  <reporter-output>
  </reporter-output>
  <suite started-at="2023-02-22T22:27:02Z" name="Default suite" finished-at="2023-02-22T22:27:18Z" duration-ms="16689">
    <groups>
    </groups>
    <test started-at="2023-02-22T22:27:02Z" name="Default test" finished-at="2023-02-22T22:27:18Z" duration-ms="16689">
      <class name="Speer.gmailInbox">
        <test-method is-config="true" signature="intiate()[pri:0, instance:Speer.gmailInbox@2b175c00]" started-at="2023-02-22T17:27:02Z" name="intiate" finished-at="2023-02-22T17:27:08Z" duration-ms="5926" status="PASS">
          <reporter-output>
          </reporter-output>
        </test-method> <!-- intiate -->
        <test-method signature="Wikipedia()[pri:0, instance:Speer.gmailInbox@2b175c00]" started-at="2023-02-22T17:27:08Z" name="Wikipedia" finished-at="2023-02-22T17:27:18Z" duration-ms="10720" status="PASS">
          <reporter-output>
          </reporter-output>
        </test-method> <!-- Wikipedia -->
      </class> <!-- Speer.gmailInbox -->
    </test> <!-- Default test -->
  </suite> <!-- Default suite -->
</testng-results>
